<?xml version="1.0" encoding="UTF-8"?>
<testsuite name="org.apache.commons.configuration2.builder.combined.TestCombinedConfigurationBuilder" time="5.782" tests="48" errors="0" skipped="0" failures="0">
  <properties>
    <property name="java.runtime.name" value="Java(TM) SE Runtime Environment"/>
    <property name="sun.boot.library.path" value="/usr/java/jdk1.8.0_25/jre/lib/amd64"/>
    <property name="java.vm.version" value="25.25-b02"/>
    <property name="java.vm.vendor" value="Oracle Corporation"/>
    <property name="java.vendor.url" value="http://java.oracle.com/"/>
    <property name="path.separator" value=":"/>
    <property name="guice.disable.misplaced.annotation.check" value="true"/>
    <property name="java.vm.name" value="Java HotSpot(TM) 64-Bit Server VM"/>
    <property name="file.encoding.pkg" value="sun.io"/>
    <property name="user.country" value="US"/>
    <property name="sun.java.launcher" value="SUN_STANDARD"/>
    <property name="sun.os.patch.level" value="unknown"/>
    <property name="java.vm.specification.name" value="Java Virtual Machine Specification"/>
    <property name="user.dir" value="/home/yrane/pchauha2_sadkhin2_yrane2/trunk/ekstazi-tests/commons"/>
    <property name="java.runtime.version" value="1.8.0_25-b17"/>
    <property name="java.awt.graphicsenv" value="sun.awt.X11GraphicsEnvironment"/>
    <property name="java.endorsed.dirs" value="/usr/java/jdk1.8.0_25/jre/lib/endorsed"/>
    <property name="os.arch" value="amd64"/>
    <property name="java.io.tmpdir" value="/tmp"/>
    <property name="line.separator" value="&#10;"/>
    <property name="java.vm.specification.vendor" value="Oracle Corporation"/>
    <property name="os.name" value="Linux"/>
    <property name="classworlds.conf" value="/opt/apache-maven-3.0.5/bin/m2.conf"/>
    <property name="sun.jnu.encoding" value="UTF-8"/>
    <property name="java.library.path" value="/usr/java/packages/lib/amd64:/usr/lib64:/lib64:/lib:/usr/lib"/>
    <property name="java.specification.name" value="Java Platform API Specification"/>
    <property name="java.class.version" value="52.0"/>
    <property name="sun.management.compiler" value="HotSpot 64-Bit Tiered Compilers"/>
    <property name="os.version" value="3.16.7-200.fc20.x86_64"/>
    <property name="user.home" value="/home/yrane"/>
    <property name="user.timezone" value="America/Chicago"/>
    <property name="java.awt.printerjob" value="sun.print.PSPrinterJob"/>
    <property name="file.encoding" value="UTF-8"/>
    <property name="java.specification.version" value="1.8"/>
    <property name="user.name" value="yrane"/>
    <property name="java.class.path" value="/opt/apache-maven-3.0.5/boot/plexus-classworlds-2.4.jar"/>
    <property name="java.vm.specification.version" value="1.8"/>
    <property name="sun.arch.data.model" value="64"/>
    <property name="java.home" value="/usr/java/jdk1.8.0_25/jre"/>
    <property name="sun.java.command" value="org.codehaus.plexus.classworlds.launcher.Launcher test"/>
    <property name="java.specification.vendor" value="Oracle Corporation"/>
    <property name="user.language" value="en"/>
    <property name="awt.toolkit" value="sun.awt.X11.XToolkit"/>
    <property name="java.vm.info" value="mixed mode"/>
    <property name="java.version" value="1.8.0_25"/>
    <property name="java.ext.dirs" value="/usr/java/jdk1.8.0_25/jre/lib/ext:/usr/java/packages/lib/ext"/>
    <property name="securerandom.source" value="file:/dev/./urandom"/>
    <property name="sun.boot.class.path" value="/usr/java/jdk1.8.0_25/jre/lib/resources.jar:/usr/java/jdk1.8.0_25/jre/lib/rt.jar:/usr/java/jdk1.8.0_25/jre/lib/sunrsasign.jar:/usr/java/jdk1.8.0_25/jre/lib/jsse.jar:/usr/java/jdk1.8.0_25/jre/lib/jce.jar:/usr/java/jdk1.8.0_25/jre/lib/charsets.jar:/usr/java/jdk1.8.0_25/jre/lib/jfr.jar:/usr/java/jdk1.8.0_25/jre/classes"/>
    <property name="java.vendor" value="Oracle Corporation"/>
    <property name="maven.home" value="/opt/apache-maven-3.0.5"/>
    <property name="file.separator" value="/"/>
    <property name="java.vendor.url.bug" value="http://bugreport.sun.com/bugreport/"/>
    <property name="sun.cpu.endian" value="little"/>
    <property name="sun.io.unicode.encoding" value="UnicodeLittle"/>
    <property name="sun.cpu.isalist" value=""/>
  </properties>
  <testcase name="testLoadAdditional" classname="org.apache.commons.configuration2.builder.combined.TestCombinedConfigurationBuilder" time="0.048"/>
  <testcase name="testConfigurationBuilderProviderInheritBasicProperties" classname="org.apache.commons.configuration2.builder.combined.TestCombinedConfigurationBuilder" time="0.032"/>
  <testcase name="testLoadOptional" classname="org.apache.commons.configuration2.builder.combined.TestCombinedConfigurationBuilder" time="0.027"/>
  <testcase name="testMultiTenentConfigurationReloading" classname="org.apache.commons.configuration2.builder.combined.TestCombinedConfigurationBuilder" time="5.09"/>
  <testcase name="testReloadingBuilder" classname="org.apache.commons.configuration2.builder.combined.TestCombinedConfigurationBuilder" time="0.013"/>
  <testcase name="testEnvironmentProperties" classname="org.apache.commons.configuration2.builder.combined.TestCombinedConfigurationBuilder" time="0.028"/>
  <testcase name="testGetChildBuilders" classname="org.apache.commons.configuration2.builder.combined.TestCombinedConfigurationBuilder" time="0.018"/>
  <testcase name="testGetNamedBuilder" classname="org.apache.commons.configuration2.builder.combined.TestCombinedConfigurationBuilder" time="0.016"/>
  <testcase name="testGetNamedBuilderBeforeConfigurationAccess" classname="org.apache.commons.configuration2.builder.combined.TestCombinedConfigurationBuilder" time="0"/>
  <testcase name="testConfigurationBuilderProviderInheritEventListeners" classname="org.apache.commons.configuration2.builder.combined.TestCombinedConfigurationBuilder" time="0.022"/>
  <testcase name="testMultiTenentConfigurationProperties" classname="org.apache.commons.configuration2.builder.combined.TestCombinedConfigurationBuilder" time="0.056"/>
  <testcase name="testINIConfiguration" classname="org.apache.commons.configuration2.builder.combined.TestCombinedConfigurationBuilder" time="0.031"/>
  <testcase name="testCombinedConfigurationAttributes" classname="org.apache.commons.configuration2.builder.combined.TestCombinedConfigurationBuilder" time="0.018"/>
  <testcase name="testDefaultBasePathFromDefinitionBuilder" classname="org.apache.commons.configuration2.builder.combined.TestCombinedConfigurationBuilder" time="0.009"/>
  <testcase name="testReactOnSubBuilderChange" classname="org.apache.commons.configuration2.builder.combined.TestCombinedConfigurationBuilder" time="0.01"/>
  <testcase name="testNoDefinitionBuilder" classname="org.apache.commons.configuration2.builder.combined.TestCombinedConfigurationBuilder" time="0.001"/>
  <testcase name="testBasePathForChildConfigurations" classname="org.apache.commons.configuration2.builder.combined.TestCombinedConfigurationBuilder" time="0.002"/>
  <testcase name="testProviderInDefinitionConfig" classname="org.apache.commons.configuration2.builder.combined.TestCombinedConfigurationBuilder" time="0.006"/>
  <testcase name="testCustomEntityResolver" classname="org.apache.commons.configuration2.builder.combined.TestCombinedConfigurationBuilder" time="0.022"/>
  <testcase name="testCombinedConfigurationNoAdditional" classname="org.apache.commons.configuration2.builder.combined.TestCombinedConfigurationBuilder" time="0.016"/>
  <testcase name="testSystemProperties" classname="org.apache.commons.configuration2.builder.combined.TestCombinedConfigurationBuilder" time="0.011"/>
  <testcase name="testConcurrentReadAccessWithoutSynchronizer" classname="org.apache.commons.configuration2.builder.combined.TestCombinedConfigurationBuilder" time="0.023"/>
  <testcase name="testCustomFileSystemForSubConfig" classname="org.apache.commons.configuration2.builder.combined.TestCombinedConfigurationBuilder" time="0.01"/>
  <testcase name="testMultiTenentConfiguration" classname="org.apache.commons.configuration2.builder.combined.TestCombinedConfigurationBuilder" time="0.059"/>
  <testcase name="testConfigurationBuilderProviderInheritCustomProviders" classname="org.apache.commons.configuration2.builder.combined.TestCombinedConfigurationBuilder" time="0"/>
  <testcase name="testConfigurationBuilderProvider" classname="org.apache.commons.configuration2.builder.combined.TestCombinedConfigurationBuilder" time="0.015"/>
  <testcase name="testConfigurationBuilderProviderInheritBasePath" classname="org.apache.commons.configuration2.builder.combined.TestCombinedConfigurationBuilder" time="0.008"/>
  <testcase name="testBuilderNamesBeforeConfigurationAccess" classname="org.apache.commons.configuration2.builder.combined.TestCombinedConfigurationBuilder" time="0.001"/>
  <testcase name="testConfigureResult" classname="org.apache.commons.configuration2.builder.combined.TestCombinedConfigurationBuilder" time="0"/>
  <testcase name="testInitChildBuilderParametersDefaultChildProperties" classname="org.apache.commons.configuration2.builder.combined.TestCombinedConfigurationBuilder" time="0.016"/>
  <testcase name="testCustomBuilderProvider" classname="org.apache.commons.configuration2.builder.combined.TestCombinedConfigurationBuilder" time="0.001"/>
  <testcase name="testCustomResultConfiguration" classname="org.apache.commons.configuration2.builder.combined.TestCombinedConfigurationBuilder" time="0.011"/>
  <testcase name="testResetBuilder" classname="org.apache.commons.configuration2.builder.combined.TestCombinedConfigurationBuilder" time="0.009"/>
  <testcase name="testJndiConfiguration" classname="org.apache.commons.configuration2.builder.combined.TestCombinedConfigurationBuilder" time="0.016"/>
  <testcase name="testDefaultBasePathInParameters" classname="org.apache.commons.configuration2.builder.combined.TestCombinedConfigurationBuilder" time="0.007"/>
  <testcase name="testBuilderNames" classname="org.apache.commons.configuration2.builder.combined.TestCombinedConfigurationBuilder" time="0.011"/>
  <testcase name="testConfigureEntityResolverWithProperties" classname="org.apache.commons.configuration2.builder.combined.TestCombinedConfigurationBuilder" time="0.007"/>
  <testcase name="testCustomFileSystem" classname="org.apache.commons.configuration2.builder.combined.TestCombinedConfigurationBuilder" time="0.007"/>
  <testcase name="testRootNodeInitializedAfterCreation" classname="org.apache.commons.configuration2.builder.combined.TestCombinedConfigurationBuilder" time="0.014"/>
  <testcase name="testLoadConfiguration" classname="org.apache.commons.configuration2.builder.combined.TestCombinedConfigurationBuilder" time="0.012"/>
  <testcase name="testLoadOptionalForceCreate" classname="org.apache.commons.configuration2.builder.combined.TestCombinedConfigurationBuilder" time="0.002"/>
  <testcase name="testBuilderNamesManipulate" classname="org.apache.commons.configuration2.builder.combined.TestCombinedConfigurationBuilder" time="0.01"/>
  <testcase name="testCustomLookup" classname="org.apache.commons.configuration2.builder.combined.TestCombinedConfigurationBuilder" time="0.014"/>
  <testcase name="testGetNamedBuilderUnknown" classname="org.apache.commons.configuration2.builder.combined.TestCombinedConfigurationBuilder" time="0.012"/>
  <testcase name="testCombinedConfigurationListNodes" classname="org.apache.commons.configuration2.builder.combined.TestCombinedConfigurationBuilder" time="0.014"/>
  <testcase name="testRemoveSubBuilderListener" classname="org.apache.commons.configuration2.builder.combined.TestCombinedConfigurationBuilder" time="0.007"/>
  <testcase name="testInterpolationOverMultipleSources" classname="org.apache.commons.configuration2.builder.combined.TestCombinedConfigurationBuilder" time="0.016"/>
  <testcase name="testLoadOptionalWithException" classname="org.apache.commons.configuration2.builder.combined.TestCombinedConfigurationBuilder" time="0.004"/>
</testsuite>