<?xml version="1.0" encoding="UTF-8"?>
<testsuite name="org.apache.commons.configuration2.TestINIConfiguration" time="0.079" tests="61" errors="0" skipped="0" failures="0">
  <properties>
    <property name="java.runtime.name" value="Java(TM) SE Runtime Environment"/>
    <property name="sun.boot.library.path" value="/usr/java/jdk1.8.0_25/jre/lib/amd64"/>
    <property name="java.vm.version" value="25.25-b02"/>
    <property name="java.vm.vendor" value="Oracle Corporation"/>
    <property name="java.vendor.url" value="http://java.oracle.com/"/>
    <property name="path.separator" value=":"/>
    <property name="guice.disable.misplaced.annotation.check" value="true"/>
    <property name="java.vm.name" value="Java HotSpot(TM) 64-Bit Server VM"/>
    <property name="file.encoding.pkg" value="sun.io"/>
    <property name="user.country" value="US"/>
    <property name="sun.java.launcher" value="SUN_STANDARD"/>
    <property name="sun.os.patch.level" value="unknown"/>
    <property name="java.vm.specification.name" value="Java Virtual Machine Specification"/>
    <property name="user.dir" value="/home/yrane/pchauha2_sadkhin2_yrane2/trunk/ekstazi-tests/commons"/>
    <property name="java.runtime.version" value="1.8.0_25-b17"/>
    <property name="java.awt.graphicsenv" value="sun.awt.X11GraphicsEnvironment"/>
    <property name="java.endorsed.dirs" value="/usr/java/jdk1.8.0_25/jre/lib/endorsed"/>
    <property name="os.arch" value="amd64"/>
    <property name="java.io.tmpdir" value="/tmp"/>
    <property name="line.separator" value="&#10;"/>
    <property name="java.vm.specification.vendor" value="Oracle Corporation"/>
    <property name="os.name" value="Linux"/>
    <property name="classworlds.conf" value="/opt/apache-maven-3.0.5/bin/m2.conf"/>
    <property name="sun.jnu.encoding" value="UTF-8"/>
    <property name="java.library.path" value="/usr/java/packages/lib/amd64:/usr/lib64:/lib64:/lib:/usr/lib"/>
    <property name="java.specification.name" value="Java Platform API Specification"/>
    <property name="java.class.version" value="52.0"/>
    <property name="sun.management.compiler" value="HotSpot 64-Bit Tiered Compilers"/>
    <property name="os.version" value="3.16.7-200.fc20.x86_64"/>
    <property name="user.home" value="/home/yrane"/>
    <property name="user.timezone" value="America/Chicago"/>
    <property name="java.awt.printerjob" value="sun.print.PSPrinterJob"/>
    <property name="file.encoding" value="UTF-8"/>
    <property name="java.specification.version" value="1.8"/>
    <property name="user.name" value="yrane"/>
    <property name="java.class.path" value="/opt/apache-maven-3.0.5/boot/plexus-classworlds-2.4.jar"/>
    <property name="java.vm.specification.version" value="1.8"/>
    <property name="sun.arch.data.model" value="64"/>
    <property name="java.home" value="/usr/java/jdk1.8.0_25/jre"/>
    <property name="sun.java.command" value="org.codehaus.plexus.classworlds.launcher.Launcher test"/>
    <property name="java.specification.vendor" value="Oracle Corporation"/>
    <property name="user.language" value="en"/>
    <property name="awt.toolkit" value="sun.awt.X11.XToolkit"/>
    <property name="java.vm.info" value="mixed mode"/>
    <property name="java.version" value="1.8.0_25"/>
    <property name="java.ext.dirs" value="/usr/java/jdk1.8.0_25/jre/lib/ext:/usr/java/packages/lib/ext"/>
    <property name="securerandom.source" value="file:/dev/./urandom"/>
    <property name="sun.boot.class.path" value="/usr/java/jdk1.8.0_25/jre/lib/resources.jar:/usr/java/jdk1.8.0_25/jre/lib/rt.jar:/usr/java/jdk1.8.0_25/jre/lib/sunrsasign.jar:/usr/java/jdk1.8.0_25/jre/lib/jsse.jar:/usr/java/jdk1.8.0_25/jre/lib/jce.jar:/usr/java/jdk1.8.0_25/jre/lib/charsets.jar:/usr/java/jdk1.8.0_25/jre/lib/jfr.jar:/usr/java/jdk1.8.0_25/jre/classes"/>
    <property name="java.vendor" value="Oracle Corporation"/>
    <property name="maven.home" value="/opt/apache-maven-3.0.5"/>
    <property name="file.separator" value="/"/>
    <property name="java.vendor.url.bug" value="http://bugreport.sun.com/bugreport/"/>
    <property name="sun.cpu.endian" value="little"/>
    <property name="sun.io.unicode.encoding" value="UnicodeLittle"/>
    <property name="sun.cpu.isalist" value=""/>
  </properties>
  <testcase name="testQuotedValueEmpty" classname="org.apache.commons.configuration2.TestINIConfiguration" time="0"/>
  <testcase name="testSaveWithGlobalSection" classname="org.apache.commons.configuration2.TestINIConfiguration" time="0.002"/>
  <testcase name="testListParsingDisabled" classname="org.apache.commons.configuration2.TestINIConfiguration" time="0.001"/>
  <testcase name="testGetSections" classname="org.apache.commons.configuration2.TestINIConfiguration" time="0"/>
  <testcase name="testMultipleSeparatorsQuoted" classname="org.apache.commons.configuration2.TestINIConfiguration" time="0"/>
  <testcase name="testLineContinuationQuoted" classname="org.apache.commons.configuration2.TestINIConfiguration" time="0.001"/>
  <testcase name="testLoadAlternativeSeparator" classname="org.apache.commons.configuration2.TestINIConfiguration" time="0"/>
  <testcase name="testLineContinuationEmptyLine" classname="org.apache.commons.configuration2.TestINIConfiguration" time="0"/>
  <testcase name="testWriteValueWithCommentChar" classname="org.apache.commons.configuration2.TestINIConfiguration" time="0.001"/>
  <testcase name="testIsCommentLine" classname="org.apache.commons.configuration2.TestINIConfiguration" time="0"/>
  <testcase name="testGlobalSectionNodeHandlerGetChildByIndex" classname="org.apache.commons.configuration2.TestINIConfiguration" time="0"/>
  <testcase name="testKeysOfGlobalSection" classname="org.apache.commons.configuration2.TestINIConfiguration" time="0"/>
  <testcase name="testLineContinuationNone" classname="org.apache.commons.configuration2.TestINIConfiguration" time="0.001"/>
  <testcase name="testLoadFromBuilder" classname="org.apache.commons.configuration2.TestINIConfiguration" time="0.001"/>
  <testcase name="testValueWithDelimiters" classname="org.apache.commons.configuration2.TestINIConfiguration" time="0.001"/>
  <testcase name="testGetSectionsGlobalOnly" classname="org.apache.commons.configuration2.TestINIConfiguration" time="0.001"/>
  <testcase name="testLineContinuationQuotedComment" classname="org.apache.commons.configuration2.TestINIConfiguration" time="0"/>
  <testcase name="testSaveKeysWithDelimiters" classname="org.apache.commons.configuration2.TestINIConfiguration" time="0.001"/>
  <testcase name="testLoad" classname="org.apache.commons.configuration2.TestINIConfiguration" time="0"/>
  <testcase name="testSave" classname="org.apache.commons.configuration2.TestINIConfiguration" time="0.001"/>
  <testcase name="testQuotedValueWithComment" classname="org.apache.commons.configuration2.TestINIConfiguration" time="0"/>
  <testcase name="testSaveClearedSection" classname="org.apache.commons.configuration2.TestINIConfiguration" time="0.002"/>
  <testcase name="testLineContinuation" classname="org.apache.commons.configuration2.TestINIConfiguration" time="0"/>
  <testcase name="testGetSectionsSynchronized" classname="org.apache.commons.configuration2.TestINIConfiguration" time="0.001"/>
  <testcase name="testGetSectionGloabalMultiThreaded" classname="org.apache.commons.configuration2.TestINIConfiguration" time="0.045"/>
  <testcase name="testGetSectionsNoGlobal" classname="org.apache.commons.configuration2.TestINIConfiguration" time="0"/>
  <testcase name="testGetSectionNonExistingManipulate" classname="org.apache.commons.configuration2.TestINIConfiguration" time="0"/>
  <testcase name="testGetPropertyNoValue" classname="org.apache.commons.configuration2.TestINIConfiguration" time="0"/>
  <testcase name="testSaveWithDelimiterParsingDisabled" classname="org.apache.commons.configuration2.TestINIConfiguration" time="0"/>
  <testcase name="testGetSectionDuplicate" classname="org.apache.commons.configuration2.TestINIConfiguration" time="0.001"/>
  <testcase name="testValueWithComment" classname="org.apache.commons.configuration2.TestINIConfiguration" time="0.001"/>
  <testcase name="testGetSectionExisting" classname="org.apache.commons.configuration2.TestINIConfiguration" time="0"/>
  <testcase name="testMultipleSeparators" classname="org.apache.commons.configuration2.TestINIConfiguration" time="0"/>
  <testcase name="testMergeDuplicateSection" classname="org.apache.commons.configuration2.TestINIConfiguration" time="0.001"/>
  <testcase name="testGetSectionGlobal" classname="org.apache.commons.configuration2.TestINIConfiguration" time="0.001"/>
  <testcase name="testGetSectionNonExisting" classname="org.apache.commons.configuration2.TestINIConfiguration" time="0.001"/>
  <testcase name="testGetSectionMerged" classname="org.apache.commons.configuration2.TestINIConfiguration" time="0.001"/>
  <testcase name="testSaveWithOnlyGlobalSection" classname="org.apache.commons.configuration2.TestINIConfiguration" time="0.001"/>
  <testcase name="testQuotedValueWithWhitespace" classname="org.apache.commons.configuration2.TestINIConfiguration" time="0"/>
  <testcase name="testQuotedValue" classname="org.apache.commons.configuration2.TestINIConfiguration" time="0.001"/>
  <testcase name="testGlobalSectionConnected" classname="org.apache.commons.configuration2.TestINIConfiguration" time="0.001"/>
  <testcase name="testLineContinuationComment" classname="org.apache.commons.configuration2.TestINIConfiguration" time="0"/>
  <testcase name="testIsSectionLine" classname="org.apache.commons.configuration2.TestINIConfiguration" time="0.001"/>
  <testcase name="testQuotedValueWithQuotes" classname="org.apache.commons.configuration2.TestINIConfiguration" time="0"/>
  <testcase name="testGetPropertyNoKey" classname="org.apache.commons.configuration2.TestINIConfiguration" time="0.001"/>
  <testcase name="testListDelimiterHandlingInList" classname="org.apache.commons.configuration2.TestINIConfiguration" time="0.001"/>
  <testcase name="testGetSectionsAdded" classname="org.apache.commons.configuration2.TestINIConfiguration" time="0.001"/>
  <testcase name="testGlobalSectionNodeHandlerGetChildrenByName" classname="org.apache.commons.configuration2.TestINIConfiguration" time="0"/>
  <testcase name="testGetSectionsWithGlobal" classname="org.apache.commons.configuration2.TestINIConfiguration" time="0.001"/>
  <testcase name="testQuotedValueWithWhitespaceAndComment" classname="org.apache.commons.configuration2.TestINIConfiguration" time="0"/>
  <testcase name="testGlobalSectionNodeHandlerGetChildrenCount" classname="org.apache.commons.configuration2.TestINIConfiguration" time="0"/>
  <testcase name="testValueWithSemicolon" classname="org.apache.commons.configuration2.TestINIConfiguration" time="0.001"/>
  <testcase name="testSeparators" classname="org.apache.commons.configuration2.TestINIConfiguration" time="0"/>
  <testcase name="testQuotedValueWithSingleQuotes" classname="org.apache.commons.configuration2.TestINIConfiguration" time="0.001"/>
  <testcase name="testGetSectionsDottedVar" classname="org.apache.commons.configuration2.TestINIConfiguration" time="0"/>
  <testcase name="testLineContinuationAtEnd" classname="org.apache.commons.configuration2.TestINIConfiguration" time="0"/>
  <testcase name="testListDelimiterHandling" classname="org.apache.commons.configuration2.TestINIConfiguration" time="0.001"/>
  <testcase name="testGetSectionGlobalNonExisting" classname="org.apache.commons.configuration2.TestINIConfiguration" time="0.001"/>
  <testcase name="testGlobalProperty" classname="org.apache.commons.configuration2.TestINIConfiguration" time="0.001"/>
  <testcase name="testGetSectionConnected" classname="org.apache.commons.configuration2.TestINIConfiguration" time="0.001"/>
  <testcase name="testGlobalSectionNodeHandlerIndexOfChild" classname="org.apache.commons.configuration2.TestINIConfiguration" time="0"/>
</testsuite>