<?xml version="1.0" encoding="UTF-8"?>
<testsuite name="org.apache.commons.configuration.TestAbstractConfigurationBasicFeatures" time="0.091" tests="56" errors="0" skipped="0" failures="0">
  <properties>
    <property name="java.runtime.name" value="Java(TM) SE Runtime Environment"/>
    <property name="sun.boot.library.path" value="/usr/java/jdk1.8.0_25/jre/lib/amd64"/>
    <property name="java.vm.version" value="25.25-b02"/>
    <property name="java.vm.vendor" value="Oracle Corporation"/>
    <property name="java.vendor.url" value="http://java.oracle.com/"/>
    <property name="path.separator" value=":"/>
    <property name="guice.disable.misplaced.annotation.check" value="true"/>
    <property name="java.vm.name" value="Java HotSpot(TM) 64-Bit Server VM"/>
    <property name="file.encoding.pkg" value="sun.io"/>
    <property name="user.country" value="US"/>
    <property name="sun.java.launcher" value="SUN_STANDARD"/>
    <property name="sun.os.patch.level" value="unknown"/>
    <property name="java.vm.specification.name" value="Java Virtual Machine Specification"/>
    <property name="user.dir" value="/home/yrane/pchauha2_sadkhin2_yrane2/trunk/ekstazi-tests/commons"/>
    <property name="java.runtime.version" value="1.8.0_25-b17"/>
    <property name="java.awt.graphicsenv" value="sun.awt.X11GraphicsEnvironment"/>
    <property name="java.endorsed.dirs" value="/usr/java/jdk1.8.0_25/jre/lib/endorsed"/>
    <property name="os.arch" value="amd64"/>
    <property name="java.io.tmpdir" value="/tmp"/>
    <property name="line.separator" value="&#10;"/>
    <property name="java.vm.specification.vendor" value="Oracle Corporation"/>
    <property name="os.name" value="Linux"/>
    <property name="classworlds.conf" value="/opt/apache-maven-3.0.5/bin/m2.conf"/>
    <property name="sun.jnu.encoding" value="UTF-8"/>
    <property name="java.library.path" value="/usr/java/packages/lib/amd64:/usr/lib64:/lib64:/lib:/usr/lib"/>
    <property name="java.specification.name" value="Java Platform API Specification"/>
    <property name="java.class.version" value="52.0"/>
    <property name="sun.management.compiler" value="HotSpot 64-Bit Tiered Compilers"/>
    <property name="os.version" value="3.17.4-200.fc20.x86_64"/>
    <property name="user.home" value="/home/yrane"/>
    <property name="user.timezone" value="America/Chicago"/>
    <property name="java.awt.printerjob" value="sun.print.PSPrinterJob"/>
    <property name="file.encoding" value="UTF-8"/>
    <property name="java.specification.version" value="1.8"/>
    <property name="user.name" value="yrane"/>
    <property name="java.class.path" value="/opt/apache-maven-3.0.5/boot/plexus-classworlds-2.4.jar"/>
    <property name="java.vm.specification.version" value="1.8"/>
    <property name="sun.arch.data.model" value="64"/>
    <property name="java.home" value="/usr/java/jdk1.8.0_25/jre"/>
    <property name="sun.java.command" value="org.codehaus.plexus.classworlds.launcher.Launcher test"/>
    <property name="java.specification.vendor" value="Oracle Corporation"/>
    <property name="user.language" value="en"/>
    <property name="awt.toolkit" value="sun.awt.X11.XToolkit"/>
    <property name="java.vm.info" value="mixed mode"/>
    <property name="java.version" value="1.8.0_25"/>
    <property name="java.ext.dirs" value="/usr/java/jdk1.8.0_25/jre/lib/ext:/usr/java/packages/lib/ext"/>
    <property name="securerandom.source" value="file:/dev/./urandom"/>
    <property name="sun.boot.class.path" value="/usr/java/jdk1.8.0_25/jre/lib/resources.jar:/usr/java/jdk1.8.0_25/jre/lib/rt.jar:/usr/java/jdk1.8.0_25/jre/lib/sunrsasign.jar:/usr/java/jdk1.8.0_25/jre/lib/jsse.jar:/usr/java/jdk1.8.0_25/jre/lib/jce.jar:/usr/java/jdk1.8.0_25/jre/lib/charsets.jar:/usr/java/jdk1.8.0_25/jre/lib/jfr.jar:/usr/java/jdk1.8.0_25/jre/classes"/>
    <property name="java.vendor" value="Oracle Corporation"/>
    <property name="maven.home" value="/opt/apache-maven-3.0.5"/>
    <property name="file.separator" value="/"/>
    <property name="java.vendor.url.bug" value="http://bugreport.sun.com/bugreport/"/>
    <property name="sun.cpu.endian" value="little"/>
    <property name="sun.io.unicode.encoding" value="UnicodeLittle"/>
    <property name="sun.cpu.isalist" value=""/>
  </properties>
  <testcase name="testInterpolationUnknownVariable" classname="org.apache.commons.configuration.TestAbstractConfigurationBasicFeatures" time="0.002"/>
  <testcase name="testCopyEvents" classname="org.apache.commons.configuration.TestAbstractConfigurationBasicFeatures" time="0.001"/>
  <testcase name="testGetCollectionNullTarget" classname="org.apache.commons.configuration.TestAbstractConfigurationBasicFeatures" time="0.001"/>
  <testcase name="testGetArrayPrimitive" classname="org.apache.commons.configuration.TestAbstractConfigurationBasicFeatures" time="0.005"/>
  <testcase name="testAppendDelimiterHandling" classname="org.apache.commons.configuration.TestAbstractConfigurationBasicFeatures" time="0"/>
  <testcase name="testInterpolateEnvironmentVariables" classname="org.apache.commons.configuration.TestAbstractConfigurationBasicFeatures" time="0.012"/>
  <testcase name="testSetPrefixLookupsNoInterpolator" classname="org.apache.commons.configuration.TestAbstractConfigurationBasicFeatures" time="0.003"/>
  <testcase name="testGetArray" classname="org.apache.commons.configuration.TestAbstractConfigurationBasicFeatures" time="0"/>
  <testcase name="testSetDefaultConversionHandler" classname="org.apache.commons.configuration.TestAbstractConfigurationBasicFeatures" time="0"/>
  <testcase name="testAddPropertyListNoDelimiterParsing" classname="org.apache.commons.configuration.TestAbstractConfigurationBasicFeatures" time="0"/>
  <testcase name="testDefaultConversionHandlerSharedInstance" classname="org.apache.commons.configuration.TestAbstractConfigurationBasicFeatures" time="0.001"/>
  <testcase name="testGet" classname="org.apache.commons.configuration.TestAbstractConfigurationBasicFeatures" time="0.001"/>
  <testcase name="testGetUnknownWithDefaultValue" classname="org.apache.commons.configuration.TestAbstractConfigurationBasicFeatures" time="0.009"/>
  <testcase name="testDefaultListDelimiterHandler" classname="org.apache.commons.configuration.TestAbstractConfigurationBasicFeatures" time="0"/>
  <testcase name="testGetArrayDefaultValueWrongComponentClass" classname="org.apache.commons.configuration.TestAbstractConfigurationBasicFeatures" time="0"/>
  <testcase name="testCopy" classname="org.apache.commons.configuration.TestAbstractConfigurationBasicFeatures" time="0.001"/>
  <testcase name="testInterpolateRecursive" classname="org.apache.commons.configuration.TestAbstractConfigurationBasicFeatures" time="0"/>
  <testcase name="testSetDefaultLookupsNoInterpolator" classname="org.apache.commons.configuration.TestAbstractConfigurationBasicFeatures" time="0.001"/>
  <testcase name="testCopyDelimiterHandling" classname="org.apache.commons.configuration.TestAbstractConfigurationBasicFeatures" time="0.001"/>
  <testcase name="testGetArrayUnknownWithDefault" classname="org.apache.commons.configuration.TestAbstractConfigurationBasicFeatures" time="0"/>
  <testcase name="testSetPrefixLookupsExistingInterpolator" classname="org.apache.commons.configuration.TestAbstractConfigurationBasicFeatures" time="0.001"/>
  <testcase name="testGetUnknownWithThrowExceptionOnMissing" classname="org.apache.commons.configuration.TestAbstractConfigurationBasicFeatures" time="0.002"/>
  <testcase name="testGetList" classname="org.apache.commons.configuration.TestAbstractConfigurationBasicFeatures" time="0"/>
  <testcase name="testCyclicInterpolation" classname="org.apache.commons.configuration.TestAbstractConfigurationBasicFeatures" time="0.001"/>
  <testcase name="testGetStringArrayUnknown" classname="org.apache.commons.configuration.TestAbstractConfigurationBasicFeatures" time="0"/>
  <testcase name="testGetCollection" classname="org.apache.commons.configuration.TestAbstractConfigurationBasicFeatures" time="0"/>
  <testcase name="testGetArrayUnknownNoDefault" classname="org.apache.commons.configuration.TestAbstractConfigurationBasicFeatures" time="0"/>
  <testcase name="testSetDefaultConversionHandlerNull" classname="org.apache.commons.configuration.TestAbstractConfigurationBasicFeatures" time="0.001"/>
  <testcase name="testSetParentInterpolatorNoInterpolator" classname="org.apache.commons.configuration.TestAbstractConfigurationBasicFeatures" time="0.017"/>
  <testcase name="testGetStringArrayNonString" classname="org.apache.commons.configuration.TestAbstractConfigurationBasicFeatures" time="0"/>
  <testcase name="testClearIteratorNoRemove" classname="org.apache.commons.configuration.TestAbstractConfigurationBasicFeatures" time="0.018"/>
  <testcase name="testGetArrayDefaultValueNotAnArray" classname="org.apache.commons.configuration.TestAbstractConfigurationBasicFeatures" time="0"/>
  <testcase name="testGetUnownWithDefaultValueThrowExceptionOnMissing" classname="org.apache.commons.configuration.TestAbstractConfigurationBasicFeatures" time="0"/>
  <testcase name="testCopyNull" classname="org.apache.commons.configuration.TestAbstractConfigurationBasicFeatures" time="0.002"/>
  <testcase name="testGetCollectionUnknownWithDefault" classname="org.apache.commons.configuration.TestAbstractConfigurationBasicFeatures" time="0.002"/>
  <testcase name="testInterpolateEscape" classname="org.apache.commons.configuration.TestAbstractConfigurationBasicFeatures" time="0.001"/>
  <testcase name="testGetCollectionSingleValue" classname="org.apache.commons.configuration.TestAbstractConfigurationBasicFeatures" time="0"/>
  <testcase name="testInterpolateString" classname="org.apache.commons.configuration.TestAbstractConfigurationBasicFeatures" time="0"/>
  <testcase name="testSetListDelimiterHandlerNull" classname="org.apache.commons.configuration.TestAbstractConfigurationBasicFeatures" time="0"/>
  <testcase name="testInterpolationNoInterpolator" classname="org.apache.commons.configuration.TestAbstractConfigurationBasicFeatures" time="0"/>
  <testcase name="testGetListUnknownWithDefault" classname="org.apache.commons.configuration.TestAbstractConfigurationBasicFeatures" time="0.001"/>
  <testcase name="testAddPropertyList" classname="org.apache.commons.configuration.TestAbstractConfigurationBasicFeatures" time="0"/>
  <testcase name="testInstallInterpolatorNull" classname="org.apache.commons.configuration.TestAbstractConfigurationBasicFeatures" time="0"/>
  <testcase name="testGetUnknownNoDefaultValue" classname="org.apache.commons.configuration.TestAbstractConfigurationBasicFeatures" time="0"/>
  <testcase name="testAppend" classname="org.apache.commons.configuration.TestAbstractConfigurationBasicFeatures" time="0"/>
  <testcase name="testAppendWithLists" classname="org.apache.commons.configuration.TestAbstractConfigurationBasicFeatures" time="0.001"/>
  <testcase name="testCopyWithLists" classname="org.apache.commons.configuration.TestAbstractConfigurationBasicFeatures" time="0"/>
  <testcase name="testGetCollectionUnknownNoDefault" classname="org.apache.commons.configuration.TestAbstractConfigurationBasicFeatures" time="0"/>
  <testcase name="testAppendNull" classname="org.apache.commons.configuration.TestAbstractConfigurationBasicFeatures" time="0.001"/>
  <testcase name="testGetListNonString" classname="org.apache.commons.configuration.TestAbstractConfigurationBasicFeatures" time="0"/>
  <testcase name="testSetDefaultLookupsExistingInterpolator" classname="org.apache.commons.configuration.TestAbstractConfigurationBasicFeatures" time="0.001"/>
  <testcase name="testAppendEvents" classname="org.apache.commons.configuration.TestAbstractConfigurationBasicFeatures" time="0.002"/>
  <testcase name="testDefaultConversionHandler" classname="org.apache.commons.configuration.TestAbstractConfigurationBasicFeatures" time="0"/>
  <testcase name="testNestedVariableInterpolation" classname="org.apache.commons.configuration.TestAbstractConfigurationBasicFeatures" time="0.001"/>
  <testcase name="testGetListUnknownNoDefault" classname="org.apache.commons.configuration.TestAbstractConfigurationBasicFeatures" time="0"/>
  <testcase name="testSetParentInterpolatorExistingInterpolator" classname="org.apache.commons.configuration.TestAbstractConfigurationBasicFeatures" time="0.001"/>
</testsuite>