<?xml version="1.0" encoding="UTF-8"?>
<testsuite name="org.apache.commons.configuration.TestConfigurationUtils" time="0.41" tests="35" errors="0" skipped="0" failures="0">
  <properties>
    <property name="java.runtime.name" value="Java(TM) SE Runtime Environment"/>
    <property name="sun.boot.library.path" value="/usr/java/jdk1.8.0_25/jre/lib/amd64"/>
    <property name="java.vm.version" value="25.25-b02"/>
    <property name="java.vm.vendor" value="Oracle Corporation"/>
    <property name="java.vendor.url" value="http://java.oracle.com/"/>
    <property name="path.separator" value=":"/>
    <property name="guice.disable.misplaced.annotation.check" value="true"/>
    <property name="java.vm.name" value="Java HotSpot(TM) 64-Bit Server VM"/>
    <property name="file.encoding.pkg" value="sun.io"/>
    <property name="user.country" value="US"/>
    <property name="sun.java.launcher" value="SUN_STANDARD"/>
    <property name="sun.os.patch.level" value="unknown"/>
    <property name="java.vm.specification.name" value="Java Virtual Machine Specification"/>
    <property name="user.dir" value="/home/yrane/pchauha2_sadkhin2_yrane2/trunk/ekstazi-tests/commons"/>
    <property name="java.runtime.version" value="1.8.0_25-b17"/>
    <property name="java.awt.graphicsenv" value="sun.awt.X11GraphicsEnvironment"/>
    <property name="java.endorsed.dirs" value="/usr/java/jdk1.8.0_25/jre/lib/endorsed"/>
    <property name="os.arch" value="amd64"/>
    <property name="java.io.tmpdir" value="/tmp"/>
    <property name="line.separator" value="&#10;"/>
    <property name="java.vm.specification.vendor" value="Oracle Corporation"/>
    <property name="os.name" value="Linux"/>
    <property name="classworlds.conf" value="/opt/apache-maven-3.0.5/bin/m2.conf"/>
    <property name="sun.jnu.encoding" value="UTF-8"/>
    <property name="java.library.path" value="/usr/java/packages/lib/amd64:/usr/lib64:/lib64:/lib:/usr/lib"/>
    <property name="java.specification.name" value="Java Platform API Specification"/>
    <property name="java.class.version" value="52.0"/>
    <property name="sun.management.compiler" value="HotSpot 64-Bit Tiered Compilers"/>
    <property name="os.version" value="3.17.4-200.fc20.x86_64"/>
    <property name="user.home" value="/home/yrane"/>
    <property name="user.timezone" value="America/Chicago"/>
    <property name="java.awt.printerjob" value="sun.print.PSPrinterJob"/>
    <property name="file.encoding" value="UTF-8"/>
    <property name="java.specification.version" value="1.8"/>
    <property name="user.name" value="yrane"/>
    <property name="java.class.path" value="/opt/apache-maven-3.0.5/boot/plexus-classworlds-2.4.jar"/>
    <property name="java.vm.specification.version" value="1.8"/>
    <property name="sun.arch.data.model" value="64"/>
    <property name="java.home" value="/usr/java/jdk1.8.0_25/jre"/>
    <property name="sun.java.command" value="org.codehaus.plexus.classworlds.launcher.Launcher test"/>
    <property name="java.specification.vendor" value="Oracle Corporation"/>
    <property name="user.language" value="en"/>
    <property name="awt.toolkit" value="sun.awt.X11.XToolkit"/>
    <property name="java.vm.info" value="mixed mode"/>
    <property name="java.version" value="1.8.0_25"/>
    <property name="java.ext.dirs" value="/usr/java/jdk1.8.0_25/jre/lib/ext:/usr/java/packages/lib/ext"/>
    <property name="securerandom.source" value="file:/dev/./urandom"/>
    <property name="sun.boot.class.path" value="/usr/java/jdk1.8.0_25/jre/lib/resources.jar:/usr/java/jdk1.8.0_25/jre/lib/rt.jar:/usr/java/jdk1.8.0_25/jre/lib/sunrsasign.jar:/usr/java/jdk1.8.0_25/jre/lib/jsse.jar:/usr/java/jdk1.8.0_25/jre/lib/jce.jar:/usr/java/jdk1.8.0_25/jre/lib/charsets.jar:/usr/java/jdk1.8.0_25/jre/lib/jfr.jar:/usr/java/jdk1.8.0_25/jre/classes"/>
    <property name="java.vendor" value="Oracle Corporation"/>
    <property name="maven.home" value="/opt/apache-maven-3.0.5"/>
    <property name="file.separator" value="/"/>
    <property name="java.vendor.url.bug" value="http://bugreport.sun.com/bugreport/"/>
    <property name="sun.cpu.endian" value="little"/>
    <property name="sun.io.unicode.encoding" value="UnicodeLittle"/>
    <property name="sun.cpu.isalist" value=""/>
  </properties>
  <testcase name="testLoadClassFromCCL" classname="org.apache.commons.configuration.TestConfigurationUtils" time="0.03"/>
  <testcase name="testCloneSynchronizerNoOp" classname="org.apache.commons.configuration.TestConfigurationUtils" time="0.024"/>
  <testcase name="testCloneSynchronizerNull" classname="org.apache.commons.configuration.TestConfigurationUtils" time="0"/>
  <testcase name="testCloneIfPossibleError" classname="org.apache.commons.configuration.TestConfigurationUtils" time="0.103"/>
  <testcase name="testConvertToHierarchicalEngine" classname="org.apache.commons.configuration.TestConfigurationUtils" time="0.1"/>
  <testcase name="testAsEventSourceUnsupportedMock" classname="org.apache.commons.configuration.TestConfigurationUtils" time="0.026"/>
  <testcase name="testAsEventSourceNonSupportedEx" classname="org.apache.commons.configuration.TestConfigurationUtils" time="0.001"/>
  <testcase name="testLoadClassCCLNull" classname="org.apache.commons.configuration.TestConfigurationUtils" time="0"/>
  <testcase name="testLoadClassNoExFound" classname="org.apache.commons.configuration.TestConfigurationUtils" time="0"/>
  <testcase name="testCloneSynchronizerNewInstance" classname="org.apache.commons.configuration.TestConfigurationUtils" time="0.013"/>
  <testcase name="testConvertHierarchicalToHierarchicalEngine" classname="org.apache.commons.configuration.TestConfigurationUtils" time="0"/>
  <testcase name="testCloneConfigurationNull" classname="org.apache.commons.configuration.TestConfigurationUtils" time="0"/>
  <testcase name="testEnableRuntimeExceptionsInvalid" classname="org.apache.commons.configuration.TestConfigurationUtils" time="0.029"/>
  <testcase name="testCloneConfigurationNotSupported" classname="org.apache.commons.configuration.TestConfigurationUtils" time="0.002"/>
  <testcase name="testEnableRuntimeExceptions" classname="org.apache.commons.configuration.TestConfigurationUtils" time="0.006"/>
  <testcase name="testCopy" classname="org.apache.commons.configuration.TestConfigurationUtils" time="0.002"/>
  <testcase name="testToString" classname="org.apache.commons.configuration.TestConfigurationUtils" time="0.001"/>
  <testcase name="testCloneIfPossibleNull" classname="org.apache.commons.configuration.TestConfigurationUtils" time="0.018"/>
  <testcase name="testCloneConfiguration" classname="org.apache.commons.configuration.TestConfigurationUtils" time="0.007"/>
  <testcase name="testCloneIfPossibleNotSupported" classname="org.apache.commons.configuration.TestConfigurationUtils" time="0"/>
  <testcase name="testLoadClassCCLNotFound" classname="org.apache.commons.configuration.TestConfigurationUtils" time="0.001"/>
  <testcase name="testConvertNullToHierarchical" classname="org.apache.commons.configuration.TestConfigurationUtils" time="0"/>
  <testcase name="testConvertToHierarchicalDelimiters" classname="org.apache.commons.configuration.TestConfigurationUtils" time="0.002"/>
  <testcase name="testLoadClassNoExNotFound" classname="org.apache.commons.configuration.TestConfigurationUtils" time="0"/>
  <testcase name="testConvertToHierarchical" classname="org.apache.commons.configuration.TestConfigurationUtils" time="0.019"/>
  <testcase name="testCloneIfPossibleSupported" classname="org.apache.commons.configuration.TestConfigurationUtils" time="0.001"/>
  <testcase name="testAsEventSourceSupported" classname="org.apache.commons.configuration.TestConfigurationUtils" time="0.007"/>
  <testcase name="testCloneSynchronizerClone" classname="org.apache.commons.configuration.TestConfigurationUtils" time="0.002"/>
  <testcase name="testEnableRuntimeExceptionsNull" classname="org.apache.commons.configuration.TestConfigurationUtils" time="0.007"/>
  <testcase name="testCloneSynchronizerFailed" classname="org.apache.commons.configuration.TestConfigurationUtils" time="0.001"/>
  <testcase name="testAppend" classname="org.apache.commons.configuration.TestConfigurationUtils" time="0.006"/>
  <testcase name="testConvertHierarchicalToHierarchicalNullEngine" classname="org.apache.commons.configuration.TestConfigurationUtils" time="0"/>
  <testcase name="testConvertHierarchicalToHierarchical" classname="org.apache.commons.configuration.TestConfigurationUtils" time="0"/>
  <testcase name="testLoadClassNotFound" classname="org.apache.commons.configuration.TestConfigurationUtils" time="0.001"/>
  <testcase name="testConvertToHierarchicalMultiValues" classname="org.apache.commons.configuration.TestConfigurationUtils" time="0.001"/>
</testsuite>