<?xml version="1.0" encoding="UTF-8"?>
<testsuite name="org.apache.commons.configuration.TestDataConfiguration" time="0.317" tests="55" errors="0" skipped="0" failures="0">
  <properties>
    <property name="java.runtime.name" value="Java(TM) SE Runtime Environment"/>
    <property name="sun.boot.library.path" value="/usr/java/jdk1.8.0_25/jre/lib/amd64"/>
    <property name="java.vm.version" value="25.25-b02"/>
    <property name="java.vm.vendor" value="Oracle Corporation"/>
    <property name="java.vendor.url" value="http://java.oracle.com/"/>
    <property name="path.separator" value=":"/>
    <property name="guice.disable.misplaced.annotation.check" value="true"/>
    <property name="java.vm.name" value="Java HotSpot(TM) 64-Bit Server VM"/>
    <property name="file.encoding.pkg" value="sun.io"/>
    <property name="user.country" value="US"/>
    <property name="sun.java.launcher" value="SUN_STANDARD"/>
    <property name="sun.os.patch.level" value="unknown"/>
    <property name="java.vm.specification.name" value="Java Virtual Machine Specification"/>
    <property name="user.dir" value="/home/yrane/pchauha2_sadkhin2_yrane2/trunk/ekstazi-tests/commons"/>
    <property name="java.runtime.version" value="1.8.0_25-b17"/>
    <property name="java.awt.graphicsenv" value="sun.awt.X11GraphicsEnvironment"/>
    <property name="java.endorsed.dirs" value="/usr/java/jdk1.8.0_25/jre/lib/endorsed"/>
    <property name="os.arch" value="amd64"/>
    <property name="java.io.tmpdir" value="/tmp"/>
    <property name="line.separator" value="&#10;"/>
    <property name="java.vm.specification.vendor" value="Oracle Corporation"/>
    <property name="os.name" value="Linux"/>
    <property name="classworlds.conf" value="/opt/apache-maven-3.0.5/bin/m2.conf"/>
    <property name="sun.jnu.encoding" value="UTF-8"/>
    <property name="java.library.path" value="/usr/java/packages/lib/amd64:/usr/lib64:/lib64:/lib:/usr/lib"/>
    <property name="java.specification.name" value="Java Platform API Specification"/>
    <property name="java.class.version" value="52.0"/>
    <property name="sun.management.compiler" value="HotSpot 64-Bit Tiered Compilers"/>
    <property name="os.version" value="3.17.4-200.fc20.x86_64"/>
    <property name="user.home" value="/home/yrane"/>
    <property name="user.timezone" value="America/Chicago"/>
    <property name="java.awt.printerjob" value="sun.print.PSPrinterJob"/>
    <property name="file.encoding" value="UTF-8"/>
    <property name="java.specification.version" value="1.8"/>
    <property name="user.name" value="yrane"/>
    <property name="java.class.path" value="/opt/apache-maven-3.0.5/boot/plexus-classworlds-2.4.jar"/>
    <property name="java.vm.specification.version" value="1.8"/>
    <property name="sun.arch.data.model" value="64"/>
    <property name="java.home" value="/usr/java/jdk1.8.0_25/jre"/>
    <property name="sun.java.command" value="org.codehaus.plexus.classworlds.launcher.Launcher test"/>
    <property name="java.specification.vendor" value="Oracle Corporation"/>
    <property name="user.language" value="en"/>
    <property name="awt.toolkit" value="sun.awt.X11.XToolkit"/>
    <property name="java.vm.info" value="mixed mode"/>
    <property name="java.version" value="1.8.0_25"/>
    <property name="java.ext.dirs" value="/usr/java/jdk1.8.0_25/jre/lib/ext:/usr/java/packages/lib/ext"/>
    <property name="securerandom.source" value="file:/dev/./urandom"/>
    <property name="sun.boot.class.path" value="/usr/java/jdk1.8.0_25/jre/lib/resources.jar:/usr/java/jdk1.8.0_25/jre/lib/rt.jar:/usr/java/jdk1.8.0_25/jre/lib/sunrsasign.jar:/usr/java/jdk1.8.0_25/jre/lib/jsse.jar:/usr/java/jdk1.8.0_25/jre/lib/jce.jar:/usr/java/jdk1.8.0_25/jre/lib/charsets.jar:/usr/java/jdk1.8.0_25/jre/lib/jfr.jar:/usr/java/jdk1.8.0_25/jre/classes"/>
    <property name="java.vendor" value="Oracle Corporation"/>
    <property name="maven.home" value="/opt/apache-maven-3.0.5"/>
    <property name="file.separator" value="/"/>
    <property name="java.vendor.url.bug" value="http://bugreport.sun.com/bugreport/"/>
    <property name="sun.cpu.endian" value="little"/>
    <property name="sun.io.unicode.encoding" value="UnicodeLittle"/>
    <property name="sun.cpu.isalist" value=""/>
  </properties>
  <testcase name="testGetDoubleList" classname="org.apache.commons.configuration.TestDataConfiguration" time="0.031"/>
  <testcase name="testGetBigDecimalArray" classname="org.apache.commons.configuration.TestDataConfiguration" time="0.018"/>
  <testcase name="testClearPropertyDirect" classname="org.apache.commons.configuration.TestDataConfiguration" time="0.001"/>
  <testcase name="testGetColor" classname="org.apache.commons.configuration.TestDataConfiguration" time="0.003"/>
  <testcase name="testGetCalendarArrayWithFormat" classname="org.apache.commons.configuration.TestDataConfiguration" time="0.004"/>
  <testcase name="testGetColorArray" classname="org.apache.commons.configuration.TestDataConfiguration" time="0.002"/>
  <testcase name="testConversionException" classname="org.apache.commons.configuration.TestDataConfiguration" time="0.01"/>
  <testcase name="testGetLocaleList" classname="org.apache.commons.configuration.TestDataConfiguration" time="0.002"/>
  <testcase name="testGetColorList" classname="org.apache.commons.configuration.TestDataConfiguration" time="0.01"/>
  <testcase name="testGetShortArray" classname="org.apache.commons.configuration.TestDataConfiguration" time="0.001"/>
  <testcase name="testGetPropertyWithoutConversion" classname="org.apache.commons.configuration.TestDataConfiguration" time="0.003"/>
  <testcase name="testGetIntegerList" classname="org.apache.commons.configuration.TestDataConfiguration" time="0.002"/>
  <testcase name="testGetFloatList" classname="org.apache.commons.configuration.TestDataConfiguration" time="0.004"/>
  <testcase name="testGetDateList" classname="org.apache.commons.configuration.TestDataConfiguration" time="0.012"/>
  <testcase name="testGetDateNoFormatPropertyConversionHandler" classname="org.apache.commons.configuration.TestDataConfiguration" time="0.005"/>
  <testcase name="testGetByteArray" classname="org.apache.commons.configuration.TestDataConfiguration" time="0.011"/>
  <testcase name="testGetShortList" classname="org.apache.commons.configuration.TestDataConfiguration" time="0.002"/>
  <testcase name="testGetInetAddressInvalidType" classname="org.apache.commons.configuration.TestDataConfiguration" time="0.029"/>
  <testcase name="testGetURLList" classname="org.apache.commons.configuration.TestDataConfiguration" time="0.056"/>
  <testcase name="testGetLongList" classname="org.apache.commons.configuration.TestDataConfiguration" time="0"/>
  <testcase name="testGetBigDecimalList" classname="org.apache.commons.configuration.TestDataConfiguration" time="0.003"/>
  <testcase name="testGetDate" classname="org.apache.commons.configuration.TestDataConfiguration" time="0.008"/>
  <testcase name="testGetKeys" classname="org.apache.commons.configuration.TestDataConfiguration" time="0.001"/>
  <testcase name="testContainsKey" classname="org.apache.commons.configuration.TestDataConfiguration" time="0.004"/>
  <testcase name="testGetByteList" classname="org.apache.commons.configuration.TestDataConfiguration" time="0.001"/>
  <testcase name="testGetConfiguration" classname="org.apache.commons.configuration.TestDataConfiguration" time="0.002"/>
  <testcase name="testGetCalendarArray" classname="org.apache.commons.configuration.TestDataConfiguration" time="0.003"/>
  <testcase name="testGetLocaleArray" classname="org.apache.commons.configuration.TestDataConfiguration" time="0.002"/>
  <testcase name="testGetInternetAddressInvalidType" classname="org.apache.commons.configuration.TestDataConfiguration" time="0.002"/>
  <testcase name="testGetUnknown" classname="org.apache.commons.configuration.TestDataConfiguration" time="0.001"/>
  <testcase name="testClearPropertyDirectNoAbstractConf" classname="org.apache.commons.configuration.TestDataConfiguration" time="0.041"/>
  <testcase name="testClearProperty" classname="org.apache.commons.configuration.TestDataConfiguration" time="0.001"/>
  <testcase name="testGetArrayInvalidDefaultType" classname="org.apache.commons.configuration.TestDataConfiguration" time="0.003"/>
  <testcase name="testGetBooleanArray" classname="org.apache.commons.configuration.TestDataConfiguration" time="0.002"/>
  <testcase name="testGetIntegerArray" classname="org.apache.commons.configuration.TestDataConfiguration" time="0.001"/>
  <testcase name="testGetFloatArray" classname="org.apache.commons.configuration.TestDataConfiguration" time="0.002"/>
  <testcase name="testGetBooleanList" classname="org.apache.commons.configuration.TestDataConfiguration" time="0.001"/>
  <testcase name="testGetDateArray" classname="org.apache.commons.configuration.TestDataConfiguration" time="0.002"/>
  <testcase name="testGetDateNoFormatPropertyDirectlySpecified" classname="org.apache.commons.configuration.TestDataConfiguration" time="0.001"/>
  <testcase name="testGetDoubleArray" classname="org.apache.commons.configuration.TestDataConfiguration" time="0.002"/>
  <testcase name="testGetUnknownException" classname="org.apache.commons.configuration.TestDataConfiguration" time="0.001"/>
  <testcase name="testGetCalendarList" classname="org.apache.commons.configuration.TestDataConfiguration" time="0.003"/>
  <testcase name="testGetLongArray" classname="org.apache.commons.configuration.TestDataConfiguration" time="0.001"/>
  <testcase name="testGetURLArray" classname="org.apache.commons.configuration.TestDataConfiguration" time="0.001"/>
  <testcase name="testGetInetAddress" classname="org.apache.commons.configuration.TestDataConfiguration" time="0.001"/>
  <testcase name="testGetCalendar" classname="org.apache.commons.configuration.TestDataConfiguration" time="0.002"/>
  <testcase name="testGetLocale" classname="org.apache.commons.configuration.TestDataConfiguration" time="0.001"/>
  <testcase name="testGetBigIntegerArray" classname="org.apache.commons.configuration.TestDataConfiguration" time="0.001"/>
  <testcase name="testGetURL" classname="org.apache.commons.configuration.TestDataConfiguration" time="0.012"/>
  <testcase name="testGetInvalidType" classname="org.apache.commons.configuration.TestDataConfiguration" time="0"/>
  <testcase name="testGetBigIntegerList" classname="org.apache.commons.configuration.TestDataConfiguration" time="0"/>
  <testcase name="testIsEmpty" classname="org.apache.commons.configuration.TestDataConfiguration" time="0"/>
  <testcase name="testGetPrimitiveArrayInvalidType" classname="org.apache.commons.configuration.TestDataConfiguration" time="0.001"/>
  <testcase name="testGetInternetAddress" classname="org.apache.commons.configuration.TestDataConfiguration" time="0.002"/>
  <testcase name="testGetDateArrayWithFormat" classname="org.apache.commons.configuration.TestDataConfiguration" time="0.002"/>
</testsuite>