<?xml version="1.0" encoding="UTF-8"?>
<testsuite name="org.apache.commons.configuration2.builder.fluent.TestConfigurations" time="0.287" tests="32" errors="0" skipped="0" failures="0">
  <properties>
    <property name="java.runtime.name" value="Java(TM) SE Runtime Environment"/>
    <property name="sun.boot.library.path" value="/usr/java/jdk1.8.0_25/jre/lib/amd64"/>
    <property name="java.vm.version" value="25.25-b02"/>
    <property name="java.vm.vendor" value="Oracle Corporation"/>
    <property name="java.vendor.url" value="http://java.oracle.com/"/>
    <property name="path.separator" value=":"/>
    <property name="guice.disable.misplaced.annotation.check" value="true"/>
    <property name="java.vm.name" value="Java HotSpot(TM) 64-Bit Server VM"/>
    <property name="file.encoding.pkg" value="sun.io"/>
    <property name="user.country" value="US"/>
    <property name="sun.java.launcher" value="SUN_STANDARD"/>
    <property name="sun.os.patch.level" value="unknown"/>
    <property name="java.vm.specification.name" value="Java Virtual Machine Specification"/>
    <property name="user.dir" value="/home/yrane/pchauha2_sadkhin2_yrane2/trunk/ekstazi-tests/commons"/>
    <property name="java.runtime.version" value="1.8.0_25-b17"/>
    <property name="java.awt.graphicsenv" value="sun.awt.X11GraphicsEnvironment"/>
    <property name="java.endorsed.dirs" value="/usr/java/jdk1.8.0_25/jre/lib/endorsed"/>
    <property name="os.arch" value="amd64"/>
    <property name="java.io.tmpdir" value="/tmp"/>
    <property name="line.separator" value="&#10;"/>
    <property name="java.vm.specification.vendor" value="Oracle Corporation"/>
    <property name="os.name" value="Linux"/>
    <property name="classworlds.conf" value="/opt/apache-maven-3.0.5/bin/m2.conf"/>
    <property name="sun.jnu.encoding" value="UTF-8"/>
    <property name="java.library.path" value="/usr/java/packages/lib/amd64:/usr/lib64:/lib64:/lib:/usr/lib"/>
    <property name="java.specification.name" value="Java Platform API Specification"/>
    <property name="java.class.version" value="52.0"/>
    <property name="sun.management.compiler" value="HotSpot 64-Bit Tiered Compilers"/>
    <property name="os.version" value="3.16.7-200.fc20.x86_64"/>
    <property name="user.home" value="/home/yrane"/>
    <property name="user.timezone" value="America/Chicago"/>
    <property name="java.awt.printerjob" value="sun.print.PSPrinterJob"/>
    <property name="file.encoding" value="UTF-8"/>
    <property name="java.specification.version" value="1.8"/>
    <property name="user.name" value="yrane"/>
    <property name="java.class.path" value="/opt/apache-maven-3.0.5/boot/plexus-classworlds-2.4.jar"/>
    <property name="java.vm.specification.version" value="1.8"/>
    <property name="sun.arch.data.model" value="64"/>
    <property name="java.home" value="/usr/java/jdk1.8.0_25/jre"/>
    <property name="sun.java.command" value="org.codehaus.plexus.classworlds.launcher.Launcher test"/>
    <property name="java.specification.vendor" value="Oracle Corporation"/>
    <property name="user.language" value="en"/>
    <property name="awt.toolkit" value="sun.awt.X11.XToolkit"/>
    <property name="java.vm.info" value="mixed mode"/>
    <property name="java.version" value="1.8.0_25"/>
    <property name="java.ext.dirs" value="/usr/java/jdk1.8.0_25/jre/lib/ext:/usr/java/packages/lib/ext"/>
    <property name="securerandom.source" value="file:/dev/./urandom"/>
    <property name="sun.boot.class.path" value="/usr/java/jdk1.8.0_25/jre/lib/resources.jar:/usr/java/jdk1.8.0_25/jre/lib/rt.jar:/usr/java/jdk1.8.0_25/jre/lib/sunrsasign.jar:/usr/java/jdk1.8.0_25/jre/lib/jsse.jar:/usr/java/jdk1.8.0_25/jre/lib/jce.jar:/usr/java/jdk1.8.0_25/jre/lib/charsets.jar:/usr/java/jdk1.8.0_25/jre/lib/jfr.jar:/usr/java/jdk1.8.0_25/jre/classes"/>
    <property name="java.vendor" value="Oracle Corporation"/>
    <property name="maven.home" value="/opt/apache-maven-3.0.5"/>
    <property name="file.separator" value="/"/>
    <property name="java.vendor.url.bug" value="http://bugreport.sun.com/bugreport/"/>
    <property name="sun.cpu.endian" value="little"/>
    <property name="sun.io.unicode.encoding" value="UnicodeLittle"/>
    <property name="sun.cpu.isalist" value=""/>
  </properties>
  <testcase name="testCombinedFromURL" classname="org.apache.commons.configuration2.builder.fluent.TestConfigurations" time="0.074"/>
  <testcase name="testFileBasedURL" classname="org.apache.commons.configuration2.builder.fluent.TestConfigurations" time="0.015"/>
  <testcase name="testINIBuilderFromURL" classname="org.apache.commons.configuration2.builder.fluent.TestConfigurations" time="0.002"/>
  <testcase name="testCombinedBuilderFromFile" classname="org.apache.commons.configuration2.builder.fluent.TestConfigurations" time="0.03"/>
  <testcase name="testCombinedBuilderFromPath" classname="org.apache.commons.configuration2.builder.fluent.TestConfigurations" time="0.028"/>
  <testcase name="testCombinedFromFile" classname="org.apache.commons.configuration2.builder.fluent.TestConfigurations" time="0.028"/>
  <testcase name="testCombinedFromPath" classname="org.apache.commons.configuration2.builder.fluent.TestConfigurations" time="0.027"/>
  <testcase name="testPropertiesFromURL" classname="org.apache.commons.configuration2.builder.fluent.TestConfigurations" time="0.003"/>
  <testcase name="testDefaultParameters" classname="org.apache.commons.configuration2.builder.fluent.TestConfigurations" time="0"/>
  <testcase name="testPropertiesBuilderFromFile" classname="org.apache.commons.configuration2.builder.fluent.TestConfigurations" time="0.002"/>
  <testcase name="testPropertiesBuilderFromPath" classname="org.apache.commons.configuration2.builder.fluent.TestConfigurations" time="0.002"/>
  <testcase name="testXMLBuilderFromFile" classname="org.apache.commons.configuration2.builder.fluent.TestConfigurations" time="0.006"/>
  <testcase name="testXMLBuilderFromPath" classname="org.apache.commons.configuration2.builder.fluent.TestConfigurations" time="0.005"/>
  <testcase name="testCombinedBuilderFromURL" classname="org.apache.commons.configuration2.builder.fluent.TestConfigurations" time="0.026"/>
  <testcase name="testXMLFromFile" classname="org.apache.commons.configuration2.builder.fluent.TestConfigurations" time="0.005"/>
  <testcase name="testXMLFromPath" classname="org.apache.commons.configuration2.builder.fluent.TestConfigurations" time="0.006"/>
  <testcase name="testFileBasedFile" classname="org.apache.commons.configuration2.builder.fluent.TestConfigurations" time="0.003"/>
  <testcase name="testFileBasedPath" classname="org.apache.commons.configuration2.builder.fluent.TestConfigurations" time="0.003"/>
  <testcase name="testINIBuilderFromFile" classname="org.apache.commons.configuration2.builder.fluent.TestConfigurations" time="0.001"/>
  <testcase name="testINIBuilderFromPath" classname="org.apache.commons.configuration2.builder.fluent.TestConfigurations" time="0.001"/>
  <testcase name="testXMLFromURL" classname="org.apache.commons.configuration2.builder.fluent.TestConfigurations" time="0.005"/>
  <testcase name="testINIFromURL" classname="org.apache.commons.configuration2.builder.fluent.TestConfigurations" time="0.001"/>
  <testcase name="testPropertiesBuilderFromURL" classname="org.apache.commons.configuration2.builder.fluent.TestConfigurations" time="0.002"/>
  <testcase name="testPropertiesFromFile" classname="org.apache.commons.configuration2.builder.fluent.TestConfigurations" time="0.002"/>
  <testcase name="testPropertiesFromPath" classname="org.apache.commons.configuration2.builder.fluent.TestConfigurations" time="0.002"/>
  <testcase name="testFileBasedBuilderWithFile" classname="org.apache.commons.configuration2.builder.fluent.TestConfigurations" time="0"/>
  <testcase name="testFileBasedBuilderWithPath" classname="org.apache.commons.configuration2.builder.fluent.TestConfigurations" time="0.001"/>
  <testcase name="testInitWithParameters" classname="org.apache.commons.configuration2.builder.fluent.TestConfigurations" time="0"/>
  <testcase name="testINIFromFile" classname="org.apache.commons.configuration2.builder.fluent.TestConfigurations" time="0.001"/>
  <testcase name="testINIFromPath" classname="org.apache.commons.configuration2.builder.fluent.TestConfigurations" time="0.002"/>
  <testcase name="testFileBasedBuilderWithURL" classname="org.apache.commons.configuration2.builder.fluent.TestConfigurations" time="0"/>
  <testcase name="testXMLBuilderFromURL" classname="org.apache.commons.configuration2.builder.fluent.TestConfigurations" time="0.004"/>
</testsuite>