<?xml version="1.0" encoding="UTF-8"?>
<testsuite name="org.apache.commons.configuration2.tree.TestInMemoryNodeModelTrackedNodes" time="0.026" tests="43" errors="0" skipped="0" failures="0">
  <properties>
    <property name="java.runtime.name" value="Java(TM) SE Runtime Environment"/>
    <property name="sun.boot.library.path" value="/usr/java/jdk1.8.0_25/jre/lib/amd64"/>
    <property name="java.vm.version" value="25.25-b02"/>
    <property name="java.vm.vendor" value="Oracle Corporation"/>
    <property name="java.vendor.url" value="http://java.oracle.com/"/>
    <property name="path.separator" value=":"/>
    <property name="guice.disable.misplaced.annotation.check" value="true"/>
    <property name="java.vm.name" value="Java HotSpot(TM) 64-Bit Server VM"/>
    <property name="file.encoding.pkg" value="sun.io"/>
    <property name="user.country" value="US"/>
    <property name="sun.java.launcher" value="SUN_STANDARD"/>
    <property name="sun.os.patch.level" value="unknown"/>
    <property name="java.vm.specification.name" value="Java Virtual Machine Specification"/>
    <property name="user.dir" value="/home/yrane/pchauha2_sadkhin2_yrane2/trunk/ekstazi-tests/commons"/>
    <property name="java.runtime.version" value="1.8.0_25-b17"/>
    <property name="java.awt.graphicsenv" value="sun.awt.X11GraphicsEnvironment"/>
    <property name="java.endorsed.dirs" value="/usr/java/jdk1.8.0_25/jre/lib/endorsed"/>
    <property name="os.arch" value="amd64"/>
    <property name="java.io.tmpdir" value="/tmp"/>
    <property name="line.separator" value="&#10;"/>
    <property name="java.vm.specification.vendor" value="Oracle Corporation"/>
    <property name="os.name" value="Linux"/>
    <property name="classworlds.conf" value="/opt/apache-maven-3.0.5/bin/m2.conf"/>
    <property name="sun.jnu.encoding" value="UTF-8"/>
    <property name="java.library.path" value="/usr/java/packages/lib/amd64:/usr/lib64:/lib64:/lib:/usr/lib"/>
    <property name="java.specification.name" value="Java Platform API Specification"/>
    <property name="java.class.version" value="52.0"/>
    <property name="sun.management.compiler" value="HotSpot 64-Bit Tiered Compilers"/>
    <property name="os.version" value="3.16.7-200.fc20.x86_64"/>
    <property name="user.home" value="/home/yrane"/>
    <property name="user.timezone" value="America/Chicago"/>
    <property name="java.awt.printerjob" value="sun.print.PSPrinterJob"/>
    <property name="file.encoding" value="UTF-8"/>
    <property name="java.specification.version" value="1.8"/>
    <property name="user.name" value="yrane"/>
    <property name="java.class.path" value="/opt/apache-maven-3.0.5/boot/plexus-classworlds-2.4.jar"/>
    <property name="java.vm.specification.version" value="1.8"/>
    <property name="sun.arch.data.model" value="64"/>
    <property name="java.home" value="/usr/java/jdk1.8.0_25/jre"/>
    <property name="sun.java.command" value="org.codehaus.plexus.classworlds.launcher.Launcher test"/>
    <property name="java.specification.vendor" value="Oracle Corporation"/>
    <property name="user.language" value="en"/>
    <property name="awt.toolkit" value="sun.awt.X11.XToolkit"/>
    <property name="java.vm.info" value="mixed mode"/>
    <property name="java.version" value="1.8.0_25"/>
    <property name="java.ext.dirs" value="/usr/java/jdk1.8.0_25/jre/lib/ext:/usr/java/packages/lib/ext"/>
    <property name="securerandom.source" value="file:/dev/./urandom"/>
    <property name="sun.boot.class.path" value="/usr/java/jdk1.8.0_25/jre/lib/resources.jar:/usr/java/jdk1.8.0_25/jre/lib/rt.jar:/usr/java/jdk1.8.0_25/jre/lib/sunrsasign.jar:/usr/java/jdk1.8.0_25/jre/lib/jsse.jar:/usr/java/jdk1.8.0_25/jre/lib/jce.jar:/usr/java/jdk1.8.0_25/jre/lib/charsets.jar:/usr/java/jdk1.8.0_25/jre/lib/jfr.jar:/usr/java/jdk1.8.0_25/jre/classes"/>
    <property name="java.vendor" value="Oracle Corporation"/>
    <property name="maven.home" value="/opt/apache-maven-3.0.5"/>
    <property name="file.separator" value="/"/>
    <property name="java.vendor.url.bug" value="http://bugreport.sun.com/bugreport/"/>
    <property name="sun.cpu.endian" value="little"/>
    <property name="sun.io.unicode.encoding" value="UnicodeLittle"/>
    <property name="sun.cpu.isalist" value=""/>
  </properties>
  <testcase name="testIsDetachedTrue" classname="org.apache.commons.configuration2.tree.TestInMemoryNodeModelTrackedNodes" time="0"/>
  <testcase name="testSelectAndTrackNodesNoSelection" classname="org.apache.commons.configuration2.tree.TestInMemoryNodeModelTrackedNodes" time="0"/>
  <testcase name="testIsDetachedAfterClear" classname="org.apache.commons.configuration2.tree.TestInMemoryNodeModelTrackedNodes" time="0"/>
  <testcase name="testTrackChildNodeWithCreationNonExisting" classname="org.apache.commons.configuration2.tree.TestInMemoryNodeModelTrackedNodes" time="0"/>
  <testcase name="testTrackChildNodes" classname="org.apache.commons.configuration2.tree.TestInMemoryNodeModelTrackedNodes" time="0.001"/>
  <testcase name="testSetPropertyOnDetachedNode" classname="org.apache.commons.configuration2.tree.TestInMemoryNodeModelTrackedNodes" time="0.001"/>
  <testcase name="testTrackNodeMultipleTimes" classname="org.apache.commons.configuration2.tree.TestInMemoryNodeModelTrackedNodes" time="0"/>
  <testcase name="testAddPropertyOnTrackedNode" classname="org.apache.commons.configuration2.tree.TestInMemoryNodeModelTrackedNodes" time="0.001"/>
  <testcase name="testAddPropertyOnDetachedNode" classname="org.apache.commons.configuration2.tree.TestInMemoryNodeModelTrackedNodes" time="0.001"/>
  <testcase name="testIsDetachedAfterSetRoot" classname="org.apache.commons.configuration2.tree.TestInMemoryNodeModelTrackedNodes" time="0"/>
  <testcase name="testGetTrackedNodeHandlerActive" classname="org.apache.commons.configuration2.tree.TestInMemoryNodeModelTrackedNodes" time="0.002"/>
  <testcase name="testTrackChildNodeWithCreationNoResults" classname="org.apache.commons.configuration2.tree.TestInMemoryNodeModelTrackedNodes" time="0.003"/>
  <testcase name="testClearTreeOnDetachedNode" classname="org.apache.commons.configuration2.tree.TestInMemoryNodeModelTrackedNodes" time="0"/>
  <testcase name="testReplaceTrackedNodeNull" classname="org.apache.commons.configuration2.tree.TestInMemoryNodeModelTrackedNodes" time="0.004"/>
  <testcase name="testTrackNodeKeyNoResults" classname="org.apache.commons.configuration2.tree.TestInMemoryNodeModelTrackedNodes" time="0"/>
  <testcase name="testTrackedNodeClearedInOperation" classname="org.apache.commons.configuration2.tree.TestInMemoryNodeModelTrackedNodes" time="0"/>
  <testcase name="testGetTrackedNodeAfterUpdateNoLongerExisting" classname="org.apache.commons.configuration2.tree.TestInMemoryNodeModelTrackedNodes" time="0"/>
  <testcase name="testGetTrackedNodeAfterSetRootNode" classname="org.apache.commons.configuration2.tree.TestInMemoryNodeModelTrackedNodes" time="0"/>
  <testcase name="testTrackChildNodeWithCreationExisting" classname="org.apache.commons.configuration2.tree.TestInMemoryNodeModelTrackedNodes" time="0"/>
  <testcase name="testSelectAndTrackNodesNodeAlreadyTracked" classname="org.apache.commons.configuration2.tree.TestInMemoryNodeModelTrackedNodes" time="0.004"/>
  <testcase name="testReplaceTrackedNodeForDetachedNode" classname="org.apache.commons.configuration2.tree.TestInMemoryNodeModelTrackedNodes" time="0"/>
  <testcase name="testUntrackNode" classname="org.apache.commons.configuration2.tree.TestInMemoryNodeModelTrackedNodes" time="0.001"/>
  <testcase name="testGetTrackedNodeExisting" classname="org.apache.commons.configuration2.tree.TestInMemoryNodeModelTrackedNodes" time="0"/>
  <testcase name="testTrackChildNodesMultipleResults" classname="org.apache.commons.configuration2.tree.TestInMemoryNodeModelTrackedNodes" time="0"/>
  <testcase name="testTrackChildNodesNodeWithNoChildren" classname="org.apache.commons.configuration2.tree.TestInMemoryNodeModelTrackedNodes" time="0"/>
  <testcase name="testSetPropertyOnTrackedNode" classname="org.apache.commons.configuration2.tree.TestInMemoryNodeModelTrackedNodes" time="0.001"/>
  <testcase name="testGetTrackedNodeAfterUpdate" classname="org.apache.commons.configuration2.tree.TestInMemoryNodeModelTrackedNodes" time="0"/>
  <testcase name="testClearPropertyOnTrackedNode" classname="org.apache.commons.configuration2.tree.TestInMemoryNodeModelTrackedNodes" time="0.001"/>
  <testcase name="testTrackNodeKeyMultipleResults" classname="org.apache.commons.configuration2.tree.TestInMemoryNodeModelTrackedNodes" time="0"/>
  <testcase name="testGetTrackedNodeNonExisting" classname="org.apache.commons.configuration2.tree.TestInMemoryNodeModelTrackedNodes" time="0.001"/>
  <testcase name="testAddNodesOnTrackedNode" classname="org.apache.commons.configuration2.tree.TestInMemoryNodeModelTrackedNodes" time="0"/>
  <testcase name="testClearPropertyOnDetachedNode" classname="org.apache.commons.configuration2.tree.TestInMemoryNodeModelTrackedNodes" time="0.001"/>
  <testcase name="testIsDetachedFalseNoUpdates" classname="org.apache.commons.configuration2.tree.TestInMemoryNodeModelTrackedNodes" time="0"/>
  <testcase name="testAddNodesOnDetachedNode" classname="org.apache.commons.configuration2.tree.TestInMemoryNodeModelTrackedNodes" time="0"/>
  <testcase name="testClearTreeOnTrackedNode" classname="org.apache.commons.configuration2.tree.TestInMemoryNodeModelTrackedNodes" time="0.001"/>
  <testcase name="testReplaceTrackedNodeForActiveTrackedNode" classname="org.apache.commons.configuration2.tree.TestInMemoryNodeModelTrackedNodes" time="0"/>
  <testcase name="testTrackChildNodeWithCreationMultipleResults" classname="org.apache.commons.configuration2.tree.TestInMemoryNodeModelTrackedNodes" time="0"/>
  <testcase name="testGetTrackedNodeAfterClear" classname="org.apache.commons.configuration2.tree.TestInMemoryNodeModelTrackedNodes" time="0.001"/>
  <testcase name="testSelectAndTrackNodes" classname="org.apache.commons.configuration2.tree.TestInMemoryNodeModelTrackedNodes" time="0"/>
  <testcase name="testUntrackNodeNonExisting" classname="org.apache.commons.configuration2.tree.TestInMemoryNodeModelTrackedNodes" time="0"/>
  <testcase name="testGetTrackedNodeHandlerDetached" classname="org.apache.commons.configuration2.tree.TestInMemoryNodeModelTrackedNodes" time="0.002"/>
  <testcase name="testIsDetachedFalseAfterUpdate" classname="org.apache.commons.configuration2.tree.TestInMemoryNodeModelTrackedNodes" time="0"/>
  <testcase name="testTrackChildNodesNoResults" classname="org.apache.commons.configuration2.tree.TestInMemoryNodeModelTrackedNodes" time="0"/>
</testsuite>