<?xml version="1.0" encoding="UTF-8"?>
<testsuite name="org.apache.commons.configuration2.TestCombinedConfiguration" time="0.4" tests="58" errors="0" skipped="0" failures="0">
  <properties>
    <property name="java.runtime.name" value="Java(TM) SE Runtime Environment"/>
    <property name="sun.boot.library.path" value="/usr/java/jdk1.8.0_25/jre/lib/amd64"/>
    <property name="java.vm.version" value="25.25-b02"/>
    <property name="java.vm.vendor" value="Oracle Corporation"/>
    <property name="java.vendor.url" value="http://java.oracle.com/"/>
    <property name="path.separator" value=":"/>
    <property name="guice.disable.misplaced.annotation.check" value="true"/>
    <property name="java.vm.name" value="Java HotSpot(TM) 64-Bit Server VM"/>
    <property name="file.encoding.pkg" value="sun.io"/>
    <property name="user.country" value="US"/>
    <property name="sun.java.launcher" value="SUN_STANDARD"/>
    <property name="sun.os.patch.level" value="unknown"/>
    <property name="java.vm.specification.name" value="Java Virtual Machine Specification"/>
    <property name="user.dir" value="/home/yrane/pchauha2_sadkhin2_yrane2/trunk/ekstazi-tests/commons"/>
    <property name="java.runtime.version" value="1.8.0_25-b17"/>
    <property name="java.awt.graphicsenv" value="sun.awt.X11GraphicsEnvironment"/>
    <property name="java.endorsed.dirs" value="/usr/java/jdk1.8.0_25/jre/lib/endorsed"/>
    <property name="os.arch" value="amd64"/>
    <property name="java.io.tmpdir" value="/tmp"/>
    <property name="line.separator" value="&#10;"/>
    <property name="java.vm.specification.vendor" value="Oracle Corporation"/>
    <property name="os.name" value="Linux"/>
    <property name="classworlds.conf" value="/opt/apache-maven-3.0.5/bin/m2.conf"/>
    <property name="sun.jnu.encoding" value="UTF-8"/>
    <property name="java.library.path" value="/usr/java/packages/lib/amd64:/usr/lib64:/lib64:/lib:/usr/lib"/>
    <property name="java.specification.name" value="Java Platform API Specification"/>
    <property name="java.class.version" value="52.0"/>
    <property name="sun.management.compiler" value="HotSpot 64-Bit Tiered Compilers"/>
    <property name="os.version" value="3.16.7-200.fc20.x86_64"/>
    <property name="user.home" value="/home/yrane"/>
    <property name="user.timezone" value="America/Chicago"/>
    <property name="java.awt.printerjob" value="sun.print.PSPrinterJob"/>
    <property name="file.encoding" value="UTF-8"/>
    <property name="java.specification.version" value="1.8"/>
    <property name="user.name" value="yrane"/>
    <property name="java.class.path" value="/opt/apache-maven-3.0.5/boot/plexus-classworlds-2.4.jar"/>
    <property name="java.vm.specification.version" value="1.8"/>
    <property name="sun.arch.data.model" value="64"/>
    <property name="java.home" value="/usr/java/jdk1.8.0_25/jre"/>
    <property name="sun.java.command" value="org.codehaus.plexus.classworlds.launcher.Launcher test"/>
    <property name="java.specification.vendor" value="Oracle Corporation"/>
    <property name="user.language" value="en"/>
    <property name="awt.toolkit" value="sun.awt.X11.XToolkit"/>
    <property name="java.vm.info" value="mixed mode"/>
    <property name="java.version" value="1.8.0_25"/>
    <property name="java.ext.dirs" value="/usr/java/jdk1.8.0_25/jre/lib/ext:/usr/java/packages/lib/ext"/>
    <property name="securerandom.source" value="file:/dev/./urandom"/>
    <property name="sun.boot.class.path" value="/usr/java/jdk1.8.0_25/jre/lib/resources.jar:/usr/java/jdk1.8.0_25/jre/lib/rt.jar:/usr/java/jdk1.8.0_25/jre/lib/sunrsasign.jar:/usr/java/jdk1.8.0_25/jre/lib/jsse.jar:/usr/java/jdk1.8.0_25/jre/lib/jce.jar:/usr/java/jdk1.8.0_25/jre/lib/charsets.jar:/usr/java/jdk1.8.0_25/jre/lib/jfr.jar:/usr/java/jdk1.8.0_25/jre/classes"/>
    <property name="java.vendor" value="Oracle Corporation"/>
    <property name="maven.home" value="/opt/apache-maven-3.0.5"/>
    <property name="file.separator" value="/"/>
    <property name="java.vendor.url.bug" value="http://bugreport.sun.com/bugreport/"/>
    <property name="sun.cpu.endian" value="little"/>
    <property name="sun.io.unicode.encoding" value="UnicodeLittle"/>
    <property name="sun.cpu.isalist" value=""/>
  </properties>
  <testcase name="testAccessPropertyEmpty" classname="org.apache.commons.configuration2.TestCombinedConfiguration" time="0.001"/>
  <testcase name="testAccessPropertyMulti" classname="org.apache.commons.configuration2.TestCombinedConfiguration" time="0.001"/>
  <testcase name="testGetSourceMulti" classname="org.apache.commons.configuration2.TestCombinedConfiguration" time="0.001"/>
  <testcase name="testGetConfigurationNameListSynchronized" classname="org.apache.commons.configuration2.TestCombinedConfiguration" time="0.001"/>
  <testcase name="testGetSourcesUnknownKey" classname="org.apache.commons.configuration2.TestCombinedConfiguration" time="0"/>
  <testcase name="testGetSourceWithCombinedChildConfiguration" classname="org.apache.commons.configuration2.TestCombinedConfiguration" time="0"/>
  <testcase name="testInvalidateSynchronized" classname="org.apache.commons.configuration2.TestCombinedConfiguration" time="0.001"/>
  <testcase name="testEscapeListDelimiters" classname="org.apache.commons.configuration2.TestCombinedConfiguration" time="0"/>
  <testcase name="testSetNodeCombinerSynchronized" classname="org.apache.commons.configuration2.TestCombinedConfiguration" time="0"/>
  <testcase name="testGetConfigurationsSynchronized" classname="org.apache.commons.configuration2.TestCombinedConfiguration" time="0"/>
  <testcase name="testGetSourceSynchronized" classname="org.apache.commons.configuration2.TestCombinedConfiguration" time="0.001"/>
  <testcase name="testCloneSynchronized" classname="org.apache.commons.configuration2.TestCombinedConfiguration" time="0.001"/>
  <testcase name="testConversionExpressionEngine" classname="org.apache.commons.configuration2.TestCombinedConfiguration" time="0.004"/>
  <testcase name="testRemoveNonContainedConfiguration" classname="org.apache.commons.configuration2.TestCombinedConfiguration" time="0"/>
  <testcase name="testClear" classname="org.apache.commons.configuration2.TestCombinedConfiguration" time="0.001"/>
  <testcase name="testClone" classname="org.apache.commons.configuration2.TestCombinedConfiguration" time="0.001"/>
  <testcase name="testInit" classname="org.apache.commons.configuration2.TestCombinedConfiguration" time="0"/>
  <testcase name="testClearRemoveChildListener" classname="org.apache.commons.configuration2.TestCombinedConfiguration" time="0.001"/>
  <testcase name="testGetConversionExpressionEngineSynchronized" classname="org.apache.commons.configuration2.TestCombinedConfiguration" time="0.001"/>
  <testcase name="testCloneModify" classname="org.apache.commons.configuration2.TestCombinedConfiguration" time="0.002"/>
  <testcase name="testConfigurationsAt" classname="org.apache.commons.configuration2.TestCombinedConfiguration" time="0.001"/>
  <testcase name="testGetSourceNonHierarchical" classname="org.apache.commons.configuration2.TestCombinedConfiguration" time="0.001"/>
  <testcase name="testGetConfigurationNamesSynchronized" classname="org.apache.commons.configuration2.TestCombinedConfiguration" time="0"/>
  <testcase name="testRemoveNamedConfiguration" classname="org.apache.commons.configuration2.TestCombinedConfiguration" time="0"/>
  <testcase name="testAddConfigurationAt" classname="org.apache.commons.configuration2.TestCombinedConfiguration" time="0"/>
  <testcase name="testGetConfigurationByNameSynchronized" classname="org.apache.commons.configuration2.TestCombinedConfiguration" time="0"/>
  <testcase name="testGetNodeCombinerSynchronized" classname="org.apache.commons.configuration2.TestCombinedConfiguration" time="0.001"/>
  <testcase name="testGetSourceCombined" classname="org.apache.commons.configuration2.TestCombinedConfiguration" time="0"/>
  <testcase name="testLockHandlingWithExceptionWhenConstructingRootNode" classname="org.apache.commons.configuration2.TestCombinedConfiguration" time="0"/>
  <testcase name="testSubConfigurationWithUpdates" classname="org.apache.commons.configuration2.TestCombinedConfiguration" time="0.001"/>
  <testcase name="testAddConfigurationWithNameTwice" classname="org.apache.commons.configuration2.TestCombinedConfiguration" time="0"/>
  <testcase name="testAddNullConfiguration" classname="org.apache.commons.configuration2.TestCombinedConfiguration" time="0.001"/>
  <testcase name="testRemoveConfiguration" classname="org.apache.commons.configuration2.TestCombinedConfiguration" time="0"/>
  <testcase name="testGetSourceMultiSources" classname="org.apache.commons.configuration2.TestCombinedConfiguration" time="0.001"/>
  <testcase name="testGetNumberOfConfigurationsSynchronized" classname="org.apache.commons.configuration2.TestCombinedConfiguration" time="0.001"/>
  <testcase name="testAddConfigurationComplexAt" classname="org.apache.commons.configuration2.TestCombinedConfiguration" time="0"/>
  <testcase name="testRemoveConfigurationByName" classname="org.apache.commons.configuration2.TestCombinedConfiguration" time="0.001"/>
  <testcase name="testGetSourceNull" classname="org.apache.commons.configuration2.TestCombinedConfiguration" time="0"/>
  <testcase name="testInvalidateEventBeforeAndAfterChange" classname="org.apache.commons.configuration2.TestCombinedConfiguration" time="0.001"/>
  <testcase name="testGetSourceHierarchical" classname="org.apache.commons.configuration2.TestCombinedConfiguration" time="0"/>
  <testcase name="testAddConfiguration" classname="org.apache.commons.configuration2.TestCombinedConfiguration" time="0"/>
  <testcase name="testSetNodeCombiner" classname="org.apache.commons.configuration2.TestCombinedConfiguration" time="0"/>
  <testcase name="testRemoveConfigurationByUnknownName" classname="org.apache.commons.configuration2.TestCombinedConfiguration" time="0"/>
  <testcase name="testAddConfigurationSynchronized" classname="org.apache.commons.configuration2.TestCombinedConfiguration" time="0"/>
  <testcase name="testRemoveConfigurationAt" classname="org.apache.commons.configuration2.TestCombinedConfiguration" time="0.001"/>
  <testcase name="testAddConfigurationWithName" classname="org.apache.commons.configuration2.TestCombinedConfiguration" time="0"/>
  <testcase name="testRemoveNamedConfigurationAt" classname="org.apache.commons.configuration2.TestCombinedConfiguration" time="0"/>
  <testcase name="testCombinedCopyToXML" classname="org.apache.commons.configuration2.TestCombinedConfiguration" time="0.004"/>
  <testcase name="testGetConfigurations" classname="org.apache.commons.configuration2.TestCombinedConfiguration" time="0.001"/>
  <testcase name="testSetConversionExpressionEngineSynchronized" classname="org.apache.commons.configuration2.TestCombinedConfiguration" time="0"/>
  <testcase name="testConcurrentAccess" classname="org.apache.commons.configuration2.TestCombinedConfiguration" time="0.364"/>
  <testcase name="testGetSourcesMultiSources" classname="org.apache.commons.configuration2.TestCombinedConfiguration" time="0.001"/>
  <testcase name="testConfigurationsAtWithUpdates" classname="org.apache.commons.configuration2.TestCombinedConfiguration" time="0"/>
  <testcase name="testGetConfigurationByIdxSynchronized" classname="org.apache.commons.configuration2.TestCombinedConfiguration" time="0.001"/>
  <testcase name="testGetSourceUnknown" classname="org.apache.commons.configuration2.TestCombinedConfiguration" time="0"/>
  <testcase name="testUpdateContainedConfiguration" classname="org.apache.commons.configuration2.TestCombinedConfiguration" time="0"/>
  <testcase name="testSetNullNodeCombiner" classname="org.apache.commons.configuration2.TestCombinedConfiguration" time="0.002"/>
  <testcase name="testGetConfigurationNameList" classname="org.apache.commons.configuration2.TestCombinedConfiguration" time="0"/>
</testsuite>